2025-03-28 17:13:33.244666 - Received CBT.V508.FILE054.PDS from FILE054.XMI 
2025-03-28 17:13:33.246645 - Found $$$#DATE.txt (text/plain) in CBT.V508.FILE054.PDS, moved to PDS/$$$#DATE
2025-03-28 17:13:33.247499 - Found @FILE054.txt (text/plain) in CBT.V508.FILE054.PDS, moved to PDS/@FILE054
2025-03-28 17:13:33.248269 - Found ALLOCLST.txt (text/plain) in CBT.V508.FILE054.PDS, moved to PDS/ALLOCLST
2025-03-28 17:13:33.248937 - Found GENER1.txt (text/plain) in CBT.V508.FILE054.PDS, moved to PDS/GENER1
2025-03-28 17:13:33.249592 - Found PHNPROOF.txt (text/plain) in CBT.V508.FILE054.PDS, moved to PDS/PHNPROOF
2025-03-28 17:13:33.250835 - Found PHON@MEN.txt (text/plain) in CBT.V508.FILE054.PDS, moved to PDS/PHON@MEN
2025-03-28 17:13:33.251560 - Found PHONBRWS.txt (text/plain) in CBT.V508.FILE054.PDS, moved to PDS/PHONBRWS
2025-03-28 17:13:33.252593 - Found PHONEADD.txt (text/plain) in CBT.V508.FILE054.PDS, moved to PDS/PHONEADD
2025-03-28 17:13:33.253041 - Found PHONEDEL.txt (text/plain) in CBT.V508.FILE054.PDS, moved to PDS/PHONEDEL
2025-03-28 17:13:33.253616 - Found PHONEDIT.txt (text/plain) in CBT.V508.FILE054.PDS, moved to PDS/PHONEDIT
2025-03-28 17:13:33.254050 - Found PHONEDS.txt (text/plain) in CBT.V508.FILE054.PDS, moved to PDS/PHONEDS
2025-03-28 17:13:33.254398 - Found PHONEMP.txt (text/plain) in CBT.V508.FILE054.PDS, moved to PDS/PHONEMP
2025-03-28 17:13:33.254776 - Found PHONINQ1.txt (text/plain) in CBT.V508.FILE054.PDS, moved to PDS/PHONINQ1
2025-03-28 17:13:33.255151 - Found PHONINQ2.txt (text/plain) in CBT.V508.FILE054.PDS, moved to PDS/PHONINQ2
2025-03-28 17:13:33.255559 - Found PHONINQ3.txt (text/plain) in CBT.V508.FILE054.PDS, moved to PDS/PHONINQ3
2025-03-28 17:13:33.256276 - Found PHONINQ4.txt (text/plain) in CBT.V508.FILE054.PDS, moved to PDS/PHONINQ4
2025-03-28 17:13:33.256707 - Found PHONOPER.txt (text/plain) in CBT.V508.FILE054.PDS, moved to PDS/PHONOPER
2025-03-28 17:13:33.257092 - Found PHONPRI.txt (text/plain) in CBT.V508.FILE054.PDS, moved to PDS/PHONPRI
2025-03-28 17:13:33.258332 - Found PHONPRTS.txt (text/plain) in CBT.V508.FILE054.PDS, moved to PDS/PHONPRTS
2025-03-28 17:13:33.264406 - Found PHONPRT1.txt (text/plain) in CBT.V508.FILE054.PDS, moved to PDS/PHONPRT1
2025-03-28 17:13:33.265067 - Found PHONPRT2.txt (text/plain) in CBT.V508.FILE054.PDS, moved to PDS/PHONPRT2
2025-03-28 17:13:33.265459 - Found PHONTUTB.txt (text/plain) in CBT.V508.FILE054.PDS, moved to PDS/PHONTUTB
2025-03-28 17:13:33.265797 - Found PHONTUTM.txt (text/plain) in CBT.V508.FILE054.PDS, moved to PDS/PHONTUTM
2025-03-28 17:13:33.266266 - Found PHONTUT1.txt (text/plain) in CBT.V508.FILE054.PDS, moved to PDS/PHONTUT1
2025-03-28 17:13:33.266821 - Found PHONTUT2.txt (text/plain) in CBT.V508.FILE054.PDS, moved to PDS/PHONTUT2
2025-03-28 17:13:33.267331 - Found PHONTUT3.txt (text/plain) in CBT.V508.FILE054.PDS, moved to PDS/PHONTUT3
2025-03-28 17:13:33.267878 - Found PHONTUT4.txt (text/plain) in CBT.V508.FILE054.PDS, moved to PDS/PHONTUT4
2025-03-28 17:13:33.268233 - Found SLGPANL0.txt (text/plain) in CBT.V508.FILE054.PDS, moved to PDS/SLGPANL0
2025-03-28 17:13:33.268811 - Found SLGPANL1.txt (text/plain) in CBT.V508.FILE054.PDS, moved to PDS/SLGPANL1
2025-03-28 17:13:33.269343 - Found SLGPANL2.txt (text/plain) in CBT.V508.FILE054.PDS, moved to PDS/SLGPANL2
2025-03-28 17:13:33.269962 - Found SLGPANL3.txt (text/plain) in CBT.V508.FILE054.PDS, moved to PDS/SLGPANL3
2025-03-28 17:13:33.270957 - Found SLSS.txt (text/plain) in CBT.V508.FILE054.PDS, moved to PDS/SLSS
2025-03-28 17:13:33.272507 - Found SLSS@CAU.txt (text/plain) in CBT.V508.FILE054.PDS, moved to PDS/SLSS@CAU
2025-03-28 17:13:33.273772 - Found SLSS@ERR.txt (text/plain) in CBT.V508.FILE054.PDS, moved to PDS/SLSS@ERR
2025-03-28 17:13:33.274463 - Found SLSS@PRC.txt (text/plain) in CBT.V508.FILE054.PDS, moved to PDS/SLSS@PRC
2025-03-28 17:13:33.275070 - Found SLSS@WRN.txt (text/plain) in CBT.V508.FILE054.PDS, moved to PDS/SLSS@WRN
2025-03-28 17:13:33.276024 - Found SLSSADD.txt (text/plain) in CBT.V508.FILE054.PDS, moved to PDS/SLSSADD
2025-03-28 17:13:33.276470 - Found SLSSADMN.txt (text/plain) in CBT.V508.FILE054.PDS, moved to PDS/SLSSADMN
2025-03-28 17:13:33.276932 - Found SLSSAUTH.txt (text/plain) in CBT.V508.FILE054.PDS, moved to PDS/SLSSAUTH
2025-03-28 17:13:33.277337 - Found SLSSBK1.txt (text/plain) in CBT.V508.FILE054.PDS, moved to PDS/SLSSBK1
2025-03-28 17:13:33.277704 - Found SLSSBK2.txt (text/plain) in CBT.V508.FILE054.PDS, moved to PDS/SLSSBK2
2025-03-28 17:13:33.278369 - Found SLSSBROW.txt (text/plain) in CBT.V508.FILE054.PDS, moved to PDS/SLSSBROW
2025-03-28 17:13:33.279252 - Found SLSSBRW2.txt (text/plain) in CBT.V508.FILE054.PDS, moved to PDS/SLSSBRW2
2025-03-28 17:13:33.280591 - Found SLSSCAN1.txt (text/plain) in CBT.V508.FILE054.PDS, moved to PDS/SLSSCAN1
2025-03-28 17:13:33.281707 - Found SLSSCAN2.txt (text/plain) in CBT.V508.FILE054.PDS, moved to PDS/SLSSCAN2
2025-03-28 17:13:33.282961 - Found SLSSDELS.txt (text/plain) in CBT.V508.FILE054.PDS, moved to PDS/SLSSDELS
2025-03-28 17:13:33.283546 - Found SLSSDELT.txt (text/plain) in CBT.V508.FILE054.PDS, moved to PDS/SLSSDELT
2025-03-28 17:13:33.284401 - Found SLSSG000.txt (text/plain) in CBT.V508.FILE054.PDS, moved to PDS/SLSSG000
2025-03-28 17:13:33.285160 - Found SLSSG100.txt (text/plain) in CBT.V508.FILE054.PDS, moved to PDS/SLSSG100
2025-03-28 17:13:33.285709 - Found SLSSG101.txt (text/plain) in CBT.V508.FILE054.PDS, moved to PDS/SLSSG101
2025-03-28 17:13:33.287116 - Found SLSSG200.txt (text/plain) in CBT.V508.FILE054.PDS, moved to PDS/SLSSG200
2025-03-28 17:13:33.287625 - Found SLSSG201.txt (text/plain) in CBT.V508.FILE054.PDS, moved to PDS/SLSSG201
2025-03-28 17:13:33.288241 - Found SLSSG202.txt (text/plain) in CBT.V508.FILE054.PDS, moved to PDS/SLSSG202
2025-03-28 17:13:33.288762 - Found SLSSG203.txt (text/plain) in CBT.V508.FILE054.PDS, moved to PDS/SLSSG203
2025-03-28 17:13:33.289258 - Found SLSSG204.txt (text/plain) in CBT.V508.FILE054.PDS, moved to PDS/SLSSG204
2025-03-28 17:13:33.289793 - Found SLSSG205.txt (text/plain) in CBT.V508.FILE054.PDS, moved to PDS/SLSSG205
2025-03-28 17:13:33.290320 - Found SLSSG206.txt (text/plain) in CBT.V508.FILE054.PDS, moved to PDS/SLSSG206
2025-03-28 17:13:33.290818 - Found SLSSG207.txt (text/plain) in CBT.V508.FILE054.PDS, moved to PDS/SLSSG207
2025-03-28 17:13:33.291823 - Found SLSSG208.txt (text/plain) in CBT.V508.FILE054.PDS, moved to PDS/SLSSG208
2025-03-28 17:13:33.292370 - Found SLSSG209.txt (text/plain) in CBT.V508.FILE054.PDS, moved to PDS/SLSSG209
2025-03-28 17:13:33.292904 - Found SLSSJOBC.txt (text/plain) in CBT.V508.FILE054.PDS, moved to PDS/SLSSJOBC
2025-03-28 17:13:33.293531 - Found SLSSLOCS.txt (text/plain) in CBT.V508.FILE054.PDS, moved to PDS/SLSSLOCS
2025-03-28 17:13:33.294125 - Found SLSSLOC1.txt (text/plain) in CBT.V508.FILE054.PDS, moved to PDS/SLSSLOC1
2025-03-28 17:13:33.294681 - Found SLSSMODL.txt (text/plain) in CBT.V508.FILE054.PDS, moved to PDS/SLSSMODL
2025-03-28 17:13:33.295475 - Found SLSSMSTR.txt (text/plain) in CBT.V508.FILE054.PDS, moved to PDS/SLSSMSTR
2025-03-28 17:13:33.296207 - Found SLSSNEWT.txt (text/plain) in CBT.V508.FILE054.PDS, moved to PDS/SLSSNEWT
2025-03-28 17:13:33.296873 - Found SLSSPRIM.txt (text/plain) in CBT.V508.FILE054.PDS, moved to PDS/SLSSPRIM
2025-03-28 17:13:33.297324 - Found SLSSPRNT.txt (text/plain) in CBT.V508.FILE054.PDS, moved to PDS/SLSSPRNT
2025-03-28 17:13:33.297673 - Found SLSSRCOV.txt (text/plain) in CBT.V508.FILE054.PDS, moved to PDS/SLSSRCOV
2025-03-28 17:13:33.298622 - Found SLSSSORT.txt (text/plain) in CBT.V508.FILE054.PDS, moved to PDS/SLSSSORT
2025-03-28 17:13:33.299310 - Found SLSSSUBS.txt (text/plain) in CBT.V508.FILE054.PDS, moved to PDS/SLSSSUBS
2025-03-28 17:13:33.302259 - Found SLSSSUB1.txt (text/plain) in CBT.V508.FILE054.PDS, moved to PDS/SLSSSUB1
2025-03-28 17:13:33.302740 - Found SLSSSUB2.txt (text/plain) in CBT.V508.FILE054.PDS, moved to PDS/SLSSSUB2
2025-03-28 17:13:33.303237 - Found SLSST000.txt (text/plain) in CBT.V508.FILE054.PDS, moved to PDS/SLSST000
2025-03-28 17:13:33.304347 - Found SLSS1000.txt (text/plain) in CBT.V508.FILE054.PDS, moved to PDS/SLSS1000
2025-03-28 17:13:33.305897 - Found SLSS1001.txt (text/plain) in CBT.V508.FILE054.PDS, moved to PDS/SLSS1001
2025-03-28 17:13:33.306648 - Found SLSS2000.txt (text/plain) in CBT.V508.FILE054.PDS, moved to PDS/SLSS2000
2025-03-28 17:13:33.308046 - Found SLSS2001.txt (text/plain) in CBT.V508.FILE054.PDS, moved to PDS/SLSS2001
2025-03-28 17:13:33.309232 - Found TALLOC.txt (text/plain) in CBT.V508.FILE054.PDS, moved to PDS/TALLOC
2025-03-28 17:13:33.310229 - Found TMCDIS00.txt (text/plain) in CBT.V508.FILE054.PDS, moved to PDS/TMCDIS00
2025-03-28 17:13:33.311332 - Found TMCDIS01.txt (text/plain) in CBT.V508.FILE054.PDS, moved to PDS/TMCDIS01
2025-03-28 17:13:33.311787 - Found TMCTUT00.txt (text/plain) in CBT.V508.FILE054.PDS, moved to PDS/TMCTUT00
2025-03-28 17:13:33.312308 - Found TMCTUT01.txt (text/plain) in CBT.V508.FILE054.PDS, moved to PDS/TMCTUT01
2025-03-28 17:13:33.312836 - Found TMCTUT02.txt (text/plain) in CBT.V508.FILE054.PDS, moved to PDS/TMCTUT02
2025-03-28 17:13:33.313369 - Found TPLTCMP1.txt (text/plain) in CBT.V508.FILE054.PDS, moved to PDS/TPLTCMP1
2025-03-28 17:13:33.313865 - Found TPLTCMP2.txt (text/plain) in CBT.V508.FILE054.PDS, moved to PDS/TPLTCMP2
2025-03-28 17:13:33.314402 - Found TSYSLOG1.txt (text/plain) in CBT.V508.FILE054.PDS, moved to PDS/TSYSLOG1
2025-03-28 17:13:33.314988 - Found TSYSLOG2.txt (text/plain) in CBT.V508.FILE054.PDS, moved to PDS/TSYSLOG2
2025-03-28 17:13:33.315443 - Found USRADD1.txt (text/plain) in CBT.V508.FILE054.PDS, moved to PDS/USRADD1
2025-03-28 17:13:33.315988 - Found USRADD2A.txt (text/plain) in CBT.V508.FILE054.PDS, moved to PDS/USRADD2A
2025-03-28 17:13:33.316582 - Found USRADD2B.txt (text/plain) in CBT.V508.FILE054.PDS, moved to PDS/USRADD2B
2025-03-28 17:13:33.317846 - Found USRBROW1.txt (text/plain) in CBT.V508.FILE054.PDS, moved to PDS/USRBROW1
2025-03-28 17:13:33.318926 - Found USRBROW2.txt (text/plain) in CBT.V508.FILE054.PDS, moved to PDS/USRBROW2
2025-03-28 17:13:33.320056 - Found USRDEL.txt (text/plain) in CBT.V508.FILE054.PDS, moved to PDS/USRDEL
2025-03-28 17:13:33.321268 - Found USRINQ1.txt (text/plain) in CBT.V508.FILE054.PDS, moved to PDS/USRINQ1
2025-03-28 17:13:33.321951 - Found USRINQ2.txt (text/plain) in CBT.V508.FILE054.PDS, moved to PDS/USRINQ2
2025-03-28 17:13:33.322368 - Found USRINQ3.txt (text/plain) in CBT.V508.FILE054.PDS, moved to PDS/USRINQ3
2025-03-28 17:13:33.323368 - Found USRINQ4.txt (text/plain) in CBT.V508.FILE054.PDS, moved to PDS/USRINQ4
2025-03-28 17:13:33.323989 - Found USRNCCF.txt (text/plain) in CBT.V508.FILE054.PDS, moved to PDS/USRNCCF
2025-03-28 17:13:33.325451 - Found USRRACF1.txt (text/plain) in CBT.V508.FILE054.PDS, moved to PDS/USRRACF1
2025-03-28 17:13:33.326652 - Found USRRACF2.txt (text/plain) in CBT.V508.FILE054.PDS, moved to PDS/USRRACF2
2025-03-28 17:13:33.327782 - Found USRSELCT.txt (text/plain) in CBT.V508.FILE054.PDS, moved to PDS/USRSELCT
2025-03-28 17:13:33.328511 - Found USRTSO1.txt (text/plain) in CBT.V508.FILE054.PDS, moved to PDS/USRTSO1
2025-03-28 17:13:33.329363 - Found USRTSO2.txt (text/plain) in CBT.V508.FILE054.PDS, moved to PDS/USRTSO2
2025-03-28 17:13:33.330226 - Found USRTUT00.txt (text/plain) in CBT.V508.FILE054.PDS, moved to PDS/USRTUT00
2025-03-28 17:13:33.330818 - Found USRTUT01.txt (text/plain) in CBT.V508.FILE054.PDS, moved to PDS/USRTUT01
2025-03-28 17:13:33.332164 - Found USRTUT02.txt (text/plain) in CBT.V508.FILE054.PDS, moved to PDS/USRTUT02
2025-03-28 17:13:33.333005 - Found USRTUT03.txt (text/plain) in CBT.V508.FILE054.PDS, moved to PDS/USRTUT03
2025-03-28 17:13:33.333663 - Found USRTUT04.txt (text/plain) in CBT.V508.FILE054.PDS, moved to PDS/USRTUT04
2025-03-28 17:13:33.334356 - Found USRTUT05.txt (text/plain) in CBT.V508.FILE054.PDS, moved to PDS/USRTUT05
2025-03-28 17:13:33.334919 - Found USRTUT06.txt (text/plain) in CBT.V508.FILE054.PDS, moved to PDS/USRTUT06
2025-03-28 17:13:33.335389 - Found USRTUT07.txt (text/plain) in CBT.V508.FILE054.PDS, moved to PDS/USRTUT07
2025-03-28 17:13:33.335858 - Found USRTUT08.txt (text/plain) in CBT.V508.FILE054.PDS, moved to PDS/USRTUT08
2025-03-28 17:13:33.336278 - Found USRTUT09.txt (text/plain) in CBT.V508.FILE054.PDS, moved to PDS/USRTUT09
2025-03-28 17:13:33.336784 - Found USRTUT10.txt (text/plain) in CBT.V508.FILE054.PDS, moved to PDS/USRTUT10
2025-03-28 17:13:33.337228 - Found USRUPD1.txt (text/plain) in CBT.V508.FILE054.PDS, moved to PDS/USRUPD1
2025-03-28 17:13:33.337893 - Found USRUPD3A.txt (text/plain) in CBT.V508.FILE054.PDS, moved to PDS/USRUPD3A
2025-03-28 17:13:33.338564 - Found USRUPD3B.txt (text/plain) in CBT.V508.FILE054.PDS, moved to PDS/USRUPD3B
2025-03-28 17:13:33.339811 - Found XMITRCV.txt (text/plain) in CBT.V508.FILE054.PDS, moved to PDS/XMITRCV
2025-03-28 17:13:33.340983 - Found XMITRCV1.txt (text/plain) in CBT.V508.FILE054.PDS, moved to PDS/XMITRCV1
2025-03-28 17:13:33.342466 - Found XMITRCV3.txt (text/plain) in CBT.V508.FILE054.PDS, moved to PDS/XMITRCV3
